Mobiilipeli/export/launcher/build/intermediates/manifest_merge_blame_file/release/manifest-merger-blame-release-report.txt
1<?xml version="1.0" encoding="utf-8"?>
2<manifest xmlns:android="http://schemas.android.com/apk/res/android"
3    package="fi.aratkaisut.cosmicape"
4    android:installLocation="preferExternal"
5    android:versionCode="1"
6    android:versionName="1.0.2" >
7
8    <uses-sdk
9        android:minSdkVersion="26"
9-->src\main\AndroidManifest.xml
10        android:targetSdkVersion="31" />
10-->src\main\AndroidManifest.xml
11
12    <supports-screens
12-->src\main\AndroidManifest.xml:3:3-163
13        android:anyDensity="true"
13-->src\main\AndroidManifest.xml:3:135-160
14        android:largeScreens="true"
14-->src\main\AndroidManifest.xml:3:78-105
15        android:normalScreens="true"
15-->src\main\AndroidManifest.xml:3:49-77
16        android:smallScreens="true"
16-->src\main\AndroidManifest.xml:3:21-48
17        android:xlargeScreens="true" />
17-->src\main\AndroidManifest.xml:3:106-134
18
19    <uses-feature android:glEsVersion="0x00030000" />
19-->[:unityLibrary] AndroidManifest.xml:12:5-54
19-->[:unityLibrary] AndroidManifest.xml:12:19-51
20    <uses-feature
20-->[:unityLibrary] AndroidManifest.xml:13:5-15:36
21        android:name="android.hardware.vulkan.version"
21-->[:unityLibrary] AndroidManifest.xml:14:9-55
22        android:required="false" />
22-->[:unityLibrary] AndroidManifest.xml:15:9-33
23    <uses-feature
23-->[:unityLibrary] AndroidManifest.xml:16:5-18:36
24        android:name="android.hardware.type.pc"
24-->[:unityLibrary] AndroidManifest.xml:17:9-48
25        android:required="false" />
25-->[:unityLibrary] AndroidManifest.xml:18:9-33
26    <uses-feature android:name="android.software.home_screen" />
26-->[:unityLibrary] AndroidManifest.xml:19:5-65
26-->[:unityLibrary] AndroidManifest.xml:19:19-62
27
28    <uses-permission android:name="android.permission.INTERNET" />
28-->[:unityLibrary] AndroidManifest.xml:21:5-67
28-->[:unityLibrary] AndroidManifest.xml:21:22-64
29    <uses-permission android:name="android.permission.ACCESS_NETWORK_STATE" />
29-->[:unityLibrary] AndroidManifest.xml:22:5-79
29-->[:unityLibrary] AndroidManifest.xml:22:22-76
30
31    <uses-feature
31-->[:unityLibrary] AndroidManifest.xml:24:5-26:36
32        android:name="android.hardware.touchscreen"
32-->[:unityLibrary] AndroidManifest.xml:25:9-52
33        android:required="false" />
33-->[:unityLibrary] AndroidManifest.xml:26:9-33
34    <uses-feature
34-->[:unityLibrary] AndroidManifest.xml:27:5-29:36
35        android:name="android.hardware.touchscreen.multitouch"
35-->[:unityLibrary] AndroidManifest.xml:28:9-63
36        android:required="false" />
36-->[:unityLibrary] AndroidManifest.xml:29:9-33
37    <uses-feature
37-->[:unityLibrary] AndroidManifest.xml:30:5-32:36
38        android:name="android.hardware.touchscreen.multitouch.distinct"
38-->[:unityLibrary] AndroidManifest.xml:31:9-72
39        android:required="false" />
39-->[:unityLibrary] AndroidManifest.xml:32:9-33
40
41    <uses-permission android:name="android.permission.POST_NOTIFICATIONS" />
41-->[:unityLibrary] AndroidManifest.xml:34:5-77
41-->[:unityLibrary] AndroidManifest.xml:34:22-74
42
43    <application
43-->src\main\AndroidManifest.xml:4:3-83
44        android:extractNativeLibs="true"
44-->[:unityLibrary] AndroidManifest.xml:36:18-50
45        android:icon="@mipmap/app_icon"
45-->src\main\AndroidManifest.xml:4:49-80
46        android:label="@string/app_name" >
46-->src\main\AndroidManifest.xml:4:16-48
47        <activity
47-->[:unityLibrary] AndroidManifest.xml:37:9-55:20
48            android:name="com.unity3d.player.UnityPlayerActivity"
48-->[:unityLibrary] AndroidManifest.xml:38:13-66
49            android:configChanges="mcc|mnc|locale|touchscreen|keyboard|keyboardHidden|navigation|orientation|screenLayout|uiMode|screenSize|smallestScreenSize|fontScale|layoutDirection|density"
49-->[:unityLibrary] AndroidManifest.xml:39:13-194
50            android:exported="true"
50-->[:unityLibrary] AndroidManifest.xml:40:13-36
51            android:hardwareAccelerated="false"
51-->[:unityLibrary] AndroidManifest.xml:41:13-48
52            android:launchMode="singleTask"
52-->[:unityLibrary] AndroidManifest.xml:42:13-44
53            android:resizeableActivity="false"
53-->[:unityLibrary] AndroidManifest.xml:43:13-47
54            android:screenOrientation="reverseLandscape"
54-->[:unityLibrary] AndroidManifest.xml:44:13-57
55            android:theme="@style/UnityThemeSelector" >
55-->[:unityLibrary] AndroidManifest.xml:45:13-54
56            <intent-filter>
56-->[:unityLibrary] AndroidManifest.xml:46:13-50:29
57                <action android:name="android.intent.action.MAIN" />
57-->[:unityLibrary] AndroidManifest.xml:47:17-69
57-->[:unityLibrary] AndroidManifest.xml:47:25-66
58
59                <category android:name="android.intent.category.LAUNCHER" />
59-->[:unityLibrary] AndroidManifest.xml:49:17-77
59-->[:unityLibrary] AndroidManifest.xml:49:27-74
60            </intent-filter>
61
62            <meta-data
62-->[:unityLibrary] AndroidManifest.xml:52:13-54:40
63                android:name="unityplayer.UnityActivity"
63-->[:unityLibrary] AndroidManifest.xml:53:17-57
64                android:value="true" />
64-->[:unityLibrary] AndroidManifest.xml:54:17-37
65        </activity>
66
67        <meta-data
67-->[:unityLibrary] AndroidManifest.xml:57:9-59:33
68            android:name="unity.splash-mode"
68-->[:unityLibrary] AndroidManifest.xml:58:13-45
69            android:value="0" />
69-->[:unityLibrary] AndroidManifest.xml:59:13-30
70        <meta-data
70-->[:unityLibrary] AndroidManifest.xml:60:9-62:36
71            android:name="unity.splash-enable"
71-->[:unityLibrary] AndroidManifest.xml:61:13-47
72            android:value="True" />
72-->[:unityLibrary] AndroidManifest.xml:62:13-33
73        <meta-data
73-->[:unityLibrary] AndroidManifest.xml:63:9-65:36
74            android:name="unity.launch-fullscreen"
74-->[:unityLibrary] AndroidManifest.xml:64:13-51
75            android:value="True" />
75-->[:unityLibrary] AndroidManifest.xml:65:13-33
76        <meta-data
76-->[:unityLibrary] AndroidManifest.xml:66:9-68:37
77            android:name="unity.allow-resizable-window"
77-->[:unityLibrary] AndroidManifest.xml:67:13-56
78            android:value="False" />
78-->[:unityLibrary] AndroidManifest.xml:68:13-34
79
80        <receiver
80-->[:unityLibrary] AndroidManifest.xml:70:9-72:40
81            android:name="com.unity.androidnotifications.UnityNotificationManager"
81-->[:unityLibrary] AndroidManifest.xml:71:13-83
82            android:exported="false" />
82-->[:unityLibrary] AndroidManifest.xml:72:13-37
83        <receiver
83-->[:unityLibrary] AndroidManifest.xml:73:9-80:20
84            android:name="com.unity.androidnotifications.UnityNotificationRestartOnBootReceiver"
84-->[:unityLibrary] AndroidManifest.xml:74:13-97
85            android:enabled="false"
85-->[:unityLibrary] AndroidManifest.xml:75:13-36
86            android:exported="false" >
86-->[:unityLibrary] AndroidManifest.xml:76:13-37
87            <intent-filter>
87-->[:unityLibrary] AndroidManifest.xml:77:13-79:29
88                <action android:name="android.intent.action.BOOT_COMPLETED" />
88-->[:unityLibrary] AndroidManifest.xml:78:17-79
88-->[:unityLibrary] AndroidManifest.xml:78:25-76
89            </intent-filter>
90        </receiver>
91
92        <meta-data
92-->[:unityLibrary] AndroidManifest.xml:82:9-84:33
93            android:name="com.unity.androidnotifications.exact_scheduling"
93-->[:unityLibrary] AndroidManifest.xml:83:13-75
94            android:value="0" />
94-->[:unityLibrary] AndroidManifest.xml:84:13-30
95    </application>
96
97</manifest>